<?xml version="1.0" encoding="UTF-8"?>
<testng-results ignored="0" total="2" passed="2" failed="0" skipped="0">
  <reporter-output>
  </reporter-output>
  <suite started-at="2024-12-02T13:07:03 IST" name="Default suite" finished-at="2024-12-02T13:07:41 IST" duration-ms="38093">
    <groups>
      <group name="even">
        <method signature="ClassATest.A2()[pri:0, instance:forjenkins.ClassATest@14cd1699]" name="A2" class="forjenkins.ClassATest"/>
      </group> <!-- even -->
      <group name="odd">
        <method signature="ClassATest.A1()[pri:0, instance:forjenkins.ClassATest@14cd1699]" name="A1" class="forjenkins.ClassATest"/>
      </group> <!-- odd -->
    </groups>
    <test started-at="2024-12-02T13:07:03 IST" name="Default test" finished-at="2024-12-02T13:07:41 IST" duration-ms="38093">
      <class name="forjenkins.ClassATest">
        <test-method signature="A1()[pri:0, instance:forjenkins.ClassATest@14cd1699]" started-at="2024-12-02T13:07:03 IST" name="A1" finished-at="2024-12-02T13:07:12 IST" duration-ms="9158" status="PASS">
          <reporter-output>
          </reporter-output>
        </test-method> <!-- A1 -->
        <test-method signature="A2()[pri:0, instance:forjenkins.ClassATest@14cd1699]" started-at="2024-12-02T13:07:12 IST" name="A2" finished-at="2024-12-02T13:07:40 IST" duration-ms="28430" status="PASS">
          <reporter-output>
          </reporter-output>
        </test-method> <!-- A2 -->
      </class> <!-- forjenkins.ClassATest -->
    </test> <!-- Default test -->
  </suite> <!-- Default suite -->
</testng-results>
