<?xml version="1.0" encoding="UTF-8"?>
<!-- Generated by org.testng.reporters.JUnitXMLReporter -->
<testsuite ignored="2" hostname="TYSS-Mohammed-Riza-Washiq" failures="0" tests="2" name="Test" time="140.451" errors="0" timestamp="2024-12-02T12:27:20 IST">
  <testcase classname="forjenkins.ClassB" name="B1" time="130.099"/>
  <testcase classname="forjenkins.ClassA" name="A1" time="9.852"/>
  <testcase classname="forjenkins.ClassA" name="A2" time="0.0">
    <ignored/>
  </testcase> <!-- A2 -->
  <testcase classname="forjenkins.ClassB" name="B2" time="0.0">
    <ignored/>
  </testcase> <!-- B2 -->
</testsuite> <!-- Test -->
